2020-10-16 15:29:00,088 [Worker-2] INFO  o.e.b.c.i.u.g.PublishedGradleVersions - Gradle version information cache is up-to-date. Trying to read.
2020-10-16 15:32:25,470 [Worker-7] INFO  o.e.m.c.i.l.LifecycleMappingFactory - Using org.maven.ide.eclipse.wtp.WarLifecycleMapping lifecycle mapping for MavenProject: com.srm.repg:rep-gmap:0.0.1-SNAPSHOT @ D:\GIT_WorkSpace\Rep-GMap\pom.xml.
2020-10-16 15:32:34,021 [Worker-7] INFO  o.e.m.j.i.AbstractJavaProjectConfigurator - Adding source folder /Rep-GMap/src/main/java
2020-10-16 15:32:34,021 [Worker-7] INFO  o.e.m.j.i.AbstractJavaProjectConfigurator - Adding resource folder /Rep-GMap/src/main/resources
2020-10-16 15:32:34,022 [Worker-7] INFO  o.e.m.j.i.AbstractJavaProjectConfigurator - Adding resource folder /Rep-GMap/src/main/resources
2020-10-16 15:32:34,023 [Worker-7] INFO  o.e.m.j.i.AbstractJavaProjectConfigurator - Adding source folder /Rep-GMap/src/test/java
2020-10-16 15:32:34,024 [Worker-7] INFO  o.e.m.j.i.AbstractJavaProjectConfigurator - Adding resource folder /Rep-GMap/src/test/resources
2020-10-16 15:32:39,746 [Worker-7] INFO  o.e.m.c.i.p.ProjectConfigurationManager - Imported and configured 1 project(s) in 28 sec
2020-10-16 15:32:50,895 [Worker-19] INFO  o.e.m.c.i.embedder.EclipseLogger - Using 'UTF-8' encoding to copy filtered resources.
2020-10-16 15:32:50,901 [Worker-19] INFO  o.e.m.c.i.embedder.EclipseLogger - Copying 1 resource
2020-10-16 15:32:50,941 [Worker-19] INFO  o.e.m.c.i.embedder.EclipseLogger - Copying 2 resources
2020-10-16 15:32:50,962 [Worker-19] INFO  o.e.m.c.i.embedder.EclipseLogger - Using 'UTF-8' encoding to copy filtered resources.
2020-10-16 15:32:50,963 [Worker-19] INFO  o.e.m.c.i.embedder.EclipseLogger - Copying 0 resource
2020-10-16 17:16:16,614 [Worker-35] INFO  o.e.m.c.i.embedder.EclipseLogger - Using 'UTF-8' encoding to copy filtered resources.
2020-10-16 17:16:16,615 [Worker-35] INFO  o.e.m.c.i.embedder.EclipseLogger - Copying 0 resource
2020-10-16 17:16:16,615 [Worker-35] INFO  o.e.m.c.i.embedder.EclipseLogger - Copying 0 resource
2020-10-16 17:16:16,616 [Worker-35] INFO  o.e.m.c.i.embedder.EclipseLogger - Using 'UTF-8' encoding to copy filtered resources.
2020-10-16 17:16:16,617 [Worker-35] INFO  o.e.m.c.i.embedder.EclipseLogger - Copying 0 resource
2020-10-16 17:28:34,126 [Worker-20] INFO  o.e.m.c.i.l.LifecycleMappingFactory - Using org.maven.ide.eclipse.wtp.WarLifecycleMapping lifecycle mapping for MavenProject: com.srm.repg:rep-gmap:0.0.1-SNAPSHOT @ D:\GIT_WorkSpace\Rep-GMap\pom.xml.
2020-10-16 17:28:39,602 [Worker-20] INFO  o.e.m.c.i.embedder.EclipseLogger - Using 'UTF-8' encoding to copy filtered resources.
2020-10-16 17:28:39,603 [Worker-20] INFO  o.e.m.c.i.embedder.EclipseLogger - Copying 1 resource
2020-10-16 17:28:39,623 [Worker-20] INFO  o.e.m.c.i.embedder.EclipseLogger - Copying 2 resources
2020-10-16 17:28:39,635 [Worker-20] INFO  o.e.m.c.i.embedder.EclipseLogger - Using 'UTF-8' encoding to copy filtered resources.
2020-10-16 17:28:39,635 [Worker-20] INFO  o.e.m.c.i.embedder.EclipseLogger - Copying 0 resource
2020-10-16 17:28:44,890 [Worker-44] INFO  o.e.m.c.i.embedder.EclipseLogger - Using 'UTF-8' encoding to copy filtered resources.
2020-10-16 17:28:44,893 [Worker-44] INFO  o.e.m.c.i.embedder.EclipseLogger - Copying 1 resource
2020-10-16 17:28:44,896 [Worker-44] INFO  o.e.m.c.i.embedder.EclipseLogger - Copying 2 resources
2020-10-16 17:28:44,904 [Worker-44] INFO  o.e.m.c.i.embedder.EclipseLogger - Using 'UTF-8' encoding to copy filtered resources.
2020-10-16 17:28:44,904 [Worker-44] INFO  o.e.m.c.i.embedder.EclipseLogger - Copying 0 resource
2020-10-19 17:30:45,326 [Worker-1] INFO  o.e.b.c.i.u.g.PublishedGradleVersions - Gradle version information cache is up-to-date. Trying to read.
2020-10-19 17:31:09,448 [Worker-13] INFO  o.e.m.c.i.embedder.EclipseLogger - Using 'UTF-8' encoding to copy filtered resources.
2020-10-19 17:31:09,458 [Worker-13] INFO  o.e.m.c.i.embedder.EclipseLogger - Copying 1 resource
2020-10-19 17:31:09,534 [Worker-13] INFO  o.e.m.c.i.embedder.EclipseLogger - Copying 2 resources
2020-10-19 17:31:09,547 [Worker-13] INFO  o.e.m.c.i.embedder.EclipseLogger - Using 'UTF-8' encoding to copy filtered resources.
2020-10-19 17:31:09,548 [Worker-13] INFO  o.e.m.c.i.embedder.EclipseLogger - Copying 0 resource
2020-10-19 17:32:33,143 [Worker-6] INFO  o.e.m.c.i.embedder.EclipseLogger - Using 'UTF-8' encoding to copy filtered resources.
2020-10-19 17:32:33,148 [Worker-6] INFO  o.e.m.c.i.embedder.EclipseLogger - Copying 1 resource
2020-10-19 17:32:33,163 [Worker-6] INFO  o.e.m.c.i.embedder.EclipseLogger - Copying 2 resources
2020-10-19 17:32:33,206 [Worker-6] INFO  o.e.m.c.i.embedder.EclipseLogger - Using 'UTF-8' encoding to copy filtered resources.
2020-10-19 17:32:33,206 [Worker-6] INFO  o.e.m.c.i.embedder.EclipseLogger - Copying 0 resource
2020-10-19 17:32:35,242 [Worker-0] INFO  o.e.m.c.i.embedder.EclipseLogger - Using 'UTF-8' encoding to copy filtered resources.
2020-10-19 17:32:35,243 [Worker-0] INFO  o.e.m.c.i.embedder.EclipseLogger - Copying 1 resource
2020-10-19 17:32:35,253 [Worker-0] INFO  o.e.m.c.i.embedder.EclipseLogger - Copying 2 resources
2020-10-19 17:32:35,257 [Worker-0] INFO  o.e.m.c.i.embedder.EclipseLogger - Using 'UTF-8' encoding to copy filtered resources.
2020-10-19 17:32:35,258 [Worker-0] INFO  o.e.m.c.i.embedder.EclipseLogger - Copying 0 resource
